<?xml version="1.0" encoding="UTF-8"?>
<testsuite xmlns:xsi="http://www.w3.org/2001/XMLSchema-instance" xsi:noNamespaceSchemaLocation="https://maven.apache.org/surefire/maven-surefire-plugin/xsd/surefire-test-report-3.0.xsd" version="3.0" name="io.simintero.x12.controller.TranslatorControllerTest" time="1.675" tests="4" errors="0" skipped="0" failures="0">
  <properties>
[...]
</properties>
  <testcase name="serialize278ReturnsText" classname="io.simintero.x12.controller.TranslatorControllerTest" time="0.4">
    <system-out><![CDATA[11:52:02.834 [main] INFO org.springframework.test.context.support.AnnotationConfigContextLoaderUtils -- Could not detect default configuration classes for test class [io.simintero.x12.controller.TranslatorControllerTest]: TranslatorControllerTest does not declare any static, non-private, non-final, nested classes annotated with @Configuration.
11:52:02.913 [main] INFO org.springframework.boot.test.context.SpringBootTestContextBootstrapper -- Found @SpringBootConfiguration io.simintero.x12.X12TranslatorApplication for test class io.simintero.x12.controller.TranslatorControllerTest
  .   ____          _            __ _ _
 /\\ / ___'_ __ _ _(_)_ __  __ _ \ \ \ \
( ( )\___ | '_ | '_| | '_ \/ _` | \ \ \ \
 \\/  ___)| |_)| | | | | || (_| |  ) ) ) )
  '  |____| .__|_| |_|_| |_\__, | / / / /
 =========|_|==============|___/=/_/_/_/

 :: Spring Boot ::                (v3.3.0)

2026-06-12T11:52:03.184-05:00  INFO 66392 --- [x12-translator] [           main] i.s.x.c.TranslatorControllerTest         : Starting TranslatorControllerTest using Java 26.0.1 with PID 66392 (started by srikanthaddala in /Users/srikanthaddala/Downloads/Simintero/simintero/integration/x12-translator)
2026-06-12T11:52:03.185-05:00  INFO 66392 --- [x12-translator] [           main] i.s.x.c.TranslatorControllerTest         : No active profile set, falling back to 1 default profile: "default"
2026-06-12T11:52:03.992-05:00  INFO 66392 --- [x12-translator] [           main] o.s.b.t.m.w.SpringBootMockServletContext : Initializing Spring TestDispatcherServlet ''
2026-06-12T11:52:03.993-05:00  INFO 66392 --- [x12-translator] [           main] o.s.t.web.servlet.TestDispatcherServlet  : Initializing Servlet ''
2026-06-12T11:52:03.994-05:00  INFO 66392 --- [x12-translator] [           main] o.s.t.web.servlet.TestDispatcherServlet  : Completed initialization in 0 ms
2026-06-12T11:52:04.007-05:00  INFO 66392 --- [x12-translator] [           main] i.s.x.c.TranslatorControllerTest         : Started TranslatorControllerTest in 1.068 seconds (process running for 1.673)
2026-06-12T11:52:04.402-05:00  INFO 66392 --- [x12-translator] [           main] i.s.x12.controller.TranslatorController  : POST /x12/278/serialize — serializing DeterminationResult
]]></system-out>
    <system-err><![CDATA[WARNING: A Java agent has been loaded dynamically (/Users/srikanthaddala/.m2/repository/net/bytebuddy/byte-buddy-agent/1.14.16/byte-buddy-agent-1.14.16.jar)
WARNING: If a serviceability tool is in use, please run with -XX:+EnableDynamicAgentLoading to hide this warning
WARNING: If a serviceability tool is not in use, please run with -Djdk.instrument.traceUsage for more information
WARNING: Dynamic loading of agents will be disallowed by default in a future release
]]></system-err>
  </testcase>
  <testcase name="parse275ReturnsJson" classname="io.simintero.x12.controller.TranslatorControllerTest" time="0.022">
    <system-out><![CDATA[2026-06-12T11:52:04.412-05:00  INFO 66392 --- [x12-translator] [           main] i.s.x12.controller.TranslatorController  : POST /x12/275/parse — translating X12 275
]]></system-out>
  </testcase>
  <testcase name="parse278ReturnsJson" classname="io.simintero.x12.controller.TranslatorControllerTest" time="0.006">
    <system-out><![CDATA[2026-06-12T11:52:04.435-05:00  INFO 66392 --- [x12-translator] [           main] i.s.x12.controller.TranslatorController  : POST /x12/278/parse — translating X12 278
]]></system-out>
  </testcase>
  <testcase name="parse278WithBlankBodyReturns400" classname="io.simintero.x12.controller.TranslatorControllerTest" time="0.005"/>
</testsuite>