<?xml version="1.0" encoding="UTF-8"?>
<testsuite xmlns:xsi="http://www.w3.org/2001/XMLSchema-instance" xsi:noNamespaceSchemaLocation="https://maven.apache.org/surefire/maven-surefire-plugin/xsd/surefire-test-report-3.0.xsd" version="3.0" name="io.simintero.fhir.CapabilityStatementTest" time="1.933" tests="5" errors="0" skipped="0" failures="0">
  <properties>
[...]
</properties>
  <testcase name="metadataFhirVersionIs4_0_1" classname="io.simintero.fhir.CapabilityStatementTest" time="0.45">
    <system-out><![CDATA[11:29:50.586 [main] INFO org.springframework.test.context.support.AnnotationConfigContextLoaderUtils -- Could not detect default configuration classes for test class [io.simintero.fhir.CapabilityStatementTest]: CapabilityStatementTest does not declare any static, non-private, non-final, nested classes annotated with @Configuration.
11:29:50.649 [main] INFO org.springframework.boot.test.context.SpringBootTestContextBootstrapper -- Found @SpringBootConfiguration io.simintero.fhir.FhirFacadeApplication for test class io.simintero.fhir.CapabilityStatementTest
  .   ____          _            __ _ _
 /\\ / ___'_ __ _ _(_)_ __  __ _ \ \ \ \
( ( )\___ | '_ | '_| | '_ \/ _` | \ \ \ \
 \\/  ___)| |_)| | | | | || (_| |  ) ) ) )
  '  |____| .__|_| |_|_| |_\__, | / / / /
 =========|_|==============|___/=/_/_/_/

 :: Spring Boot ::                (v3.3.0)

2026-06-12T11:29:50.940-05:00  INFO 59846 --- [           main] i.s.fhir.CapabilityStatementTest         : Starting CapabilityStatementTest using Java 26.0.1 with PID 59846 (started by srikanthaddala in /Users/srikanthaddala/Downloads/Simintero/simintero/integration/fhir-facade)
2026-06-12T11:29:50.941-05:00  INFO 59846 --- [           main] i.s.fhir.CapabilityStatementTest         : No active profile set, falling back to 1 default profile: "default"
2026-06-12T11:29:51.421-05:00  INFO 59846 --- [           main] o.s.b.w.embedded.tomcat.TomcatWebServer  : Tomcat initialized with port 0 (http)
2026-06-12T11:29:51.449-05:00  INFO 59846 --- [           main] o.apache.catalina.core.StandardService   : Starting service [Tomcat]
2026-06-12T11:29:51.449-05:00  INFO 59846 --- [           main] o.apache.catalina.core.StandardEngine    : Starting Servlet engine: [Apache Tomcat/10.1.24]
2026-06-12T11:29:51.501-05:00  INFO 59846 --- [           main] o.a.c.c.C.[Tomcat].[localhost].[/]       : Initializing Spring embedded WebApplicationContext
2026-06-12T11:29:51.502-05:00  INFO 59846 --- [           main] w.s.c.ServletWebServerApplicationContext : Root WebApplicationContext: initialization completed in 548 ms
2026-06-12T11:29:51.508-05:00  INFO 59846 --- [           main] ca.uhn.fhir.context.FhirContext          : Creating new FHIR context for FHIR version [R4]
2026-06-12T11:29:51.861-05:00  INFO 59846 --- [           main] ca.uhn.fhir.rest.server.RestfulServer    : Initializing HAPI FHIR restful server running in R4 mode
2026-06-12T11:29:51.862-05:00  INFO 59846 --- [           main] ca.uhn.fhir.rest.server.RestfulServer    : Added 1 resource provider(s). Total 1
2026-06-12T11:29:51.911-05:00  INFO 59846 --- [           main] ca.uhn.fhir.rest.server.RestfulServer    : Removing RESTful methods for: class io.simintero.fhir.config.FhirServerConfig$1
2026-06-12T11:29:51.911-05:00  INFO 59846 --- [           main] ca.uhn.fhir.rest.server.RestfulServer    : OperationDefinition binding of ca.uhn.fhir.rest.server.method.ReadMethodBinding@36f6d25c was removed
2026-06-12T11:29:51.911-05:00  INFO 59846 --- [           main] ca.uhn.fhir.rest.server.RestfulServer    : OperationDefinition binding of ca.uhn.fhir.rest.server.method.ReadMethodBinding@690df641 was removed
2026-06-12T11:29:51.913-05:00  INFO 59846 --- [           main] ca.uhn.fhir.rest.server.RestfulServer    : A FHIR has been lit on this server
2026-06-12T11:29:51.914-05:00  INFO 59846 --- [           main] o.s.b.w.embedded.tomcat.TomcatWebServer  : Tomcat started on port 56337 (http) with context path '/'
2026-06-12T11:29:51.922-05:00  INFO 59846 --- [           main] i.s.fhir.CapabilityStatementTest         : Started CapabilityStatementTest in 1.208 seconds (process running for 2.769)
]]></system-out>
    <system-err><![CDATA[WARNING: A Java agent has been loaded dynamically (/Users/srikanthaddala/.m2/repository/net/bytebuddy/byte-buddy-agent/1.14.16/byte-buddy-agent-1.14.16.jar)
WARNING: If a serviceability tool is in use, please run with -XX:+EnableDynamicAgentLoading to hide this warning
WARNING: If a serviceability tool is not in use, please run with -Djdk.instrument.traceUsage for more information
WARNING: Dynamic loading of agents will be disallowed by default in a future release
]]></system-err>
  </testcase>
  <testcase name="metadataReturns200" classname="io.simintero.fhir.CapabilityStatementTest" time="0.006"/>
  <testcase name="metadataContainsClaimResourceEntry" classname="io.simintero.fhir.CapabilityStatementTest" time="0.004"/>
  <testcase name="metadataHasNonNullImplementationUrl" classname="io.simintero.fhir.CapabilityStatementTest" time="0.005"/>
  <testcase name="metadataContainsPasAndUsCoreImplementationGuides" classname="io.simintero.fhir.CapabilityStatementTest" time="0.004"/>
</testsuite>